<?xml version="1.0" encoding="UTF-8"?>
<!-- Generated by org.testng.reporters.JUnitReportReporter -->
<testsuite hostname="IBM-BXD32F3" failures="0" tests="5" name="E2EProjectFramework.Framework.ServiceAppointmentListVewPage" time="33.294" errors="1" timestamp="2024-07-30T22:48:00 IST" skipped="1">
  <testcase classname="E2EProjectFramework.Framework.ServiceAppointmentListVewPage" name="verifyListViewOptions" time="0.376"/>
  <system-out/>
  <testcase classname="E2EProjectFramework.Framework.ServiceAppointmentListVewPage" name="verifyColumnHeaders" time="0.311"/>
  <system-out/>
  <testcase classname="E2EProjectFramework.Framework.ServiceAppointmentListVewPage" name="deleteTSE" time="27.494">
    <error message="Cannot invoke &quot;org.openqa.selenium.WebElement.click()&quot; because the return value of &quot;E2EProjectFramework.Framework.BrowserAction.findElementBy(org.openqa.selenium.By)&quot; is null" type="java.lang.NullPointerException">
      <![CDATA[java.lang.NullPointerException: Cannot invoke "org.openqa.selenium.WebElement.click()" because the return value of "E2EProjectFramework.Framework.BrowserAction.findElementBy(org.openqa.selenium.By)" is null
at E2EProjectFramework.Framework.ServiceAppointmentListVewPage.deleteTSE(ServiceAppointmentListVewPage.java:110)
at java.base/jdk.internal.reflect.NativeMethodAccessorImpl.invoke0(Native Method)
at java.base/jdk.internal.reflect.NativeMethodAccessorImpl.invoke(NativeMethodAccessorImpl.java:77)
at java.base/jdk.internal.reflect.DelegatingMethodAccessorImpl.invoke(DelegatingMethodAccessorImpl.java:43)
at java.base/java.lang.reflect.Method.invoke(Method.java:568)
at org.testng.internal.MethodInvocationHelper.invokeMethod(MethodInvocationHelper.java:133)
at org.testng.internal.TestInvoker.invokeMethod(TestInvoker.java:598)
at org.testng.internal.TestInvoker.invokeTestMethod(TestInvoker.java:173)
at org.testng.internal.MethodRunner.runInSequence(MethodRunner.java:46)
at org.testng.internal.TestInvoker$MethodInvocationAgent.invoke(TestInvoker.java:824)
at org.testng.internal.TestInvoker.invokeTestMethods(TestInvoker.java:146)
at org.testng.internal.TestMethodWorker.invokeTestMethods(TestMethodWorker.java:146)
at org.testng.internal.TestMethodWorker.run(TestMethodWorker.java:128)
at java.base/java.util.ArrayList.forEach(ArrayList.java:1511)
at org.testng.TestRunner.privateRun(TestRunner.java:794)
at org.testng.TestRunner.run(TestRunner.java:596)
at org.testng.SuiteRunner.runTest(SuiteRunner.java:377)
at org.testng.SuiteRunner.runSequentially(SuiteRunner.java:371)
at org.testng.SuiteRunner.privateRun(SuiteRunner.java:332)
at org.testng.SuiteRunner.run(SuiteRunner.java:276)
at org.testng.SuiteRunnerWorker.runSuite(SuiteRunnerWorker.java:53)
at org.testng.SuiteRunnerWorker.run(SuiteRunnerWorker.java:96)
at org.testng.TestNG.runSuitesSequentially(TestNG.java:1212)
at org.testng.TestNG.runSuitesLocally(TestNG.java:1134)
at org.testng.TestNG.runSuites(TestNG.java:1063)
at org.testng.TestNG.run(TestNG.java:1031)
at org.testng.remote.AbstractRemoteTestNG.run(AbstractRemoteTestNG.java:115)
at org.testng.remote.RemoteTestNG.initAndRun(RemoteTestNG.java:251)
at org.testng.remote.RemoteTestNG.main(RemoteTestNG.java:77)
]]>
    </error>
  </testcase> <!-- deleteTSE -->
  <system-out/>
  <testcase classname="E2EProjectFramework.Framework.ServiceAppointmentListVewPage" name="verifySearchServiceAppointment" time="5.113"/>
  <system-out/>
  <testcase classname="E2EProjectFramework.Framework.ServiceAppointmentListVewPage" name="createTSE">
    <skipped/>
  </testcase> <!-- createTSE -->
  <system-out/>
</testsuite> <!-- E2EProjectFramework.Framework.ServiceAppointmentListVewPage -->
